<?xml version="1.0" encoding="UTF-8"?>
<testsuite xmlns:xsi="http://www.w3.org/2001/XMLSchema-instance" xsi:noNamespaceSchemaLocation="https://maven.apache.org/surefire/maven-surefire-plugin/xsd/surefire-test-report.xsd" version="3.0.2" name="com.lovemp.domain.customer.domain.model.entity.CustomerSharingTest" time="0.014" tests="21" errors="0" skipped="0" failures="0">
  <properties>
    <property name="socksProxyHost" value="127.0.0.1"/>
    <property name="http.proxyHost" value="127.0.0.1"/>
    <property name="java.specification.version" value="17"/>
    <property name="sun.jnu.encoding" value="UTF-8"/>
    <property name="java.class.path" value="/Users/wangyiwen/AICoding/lovemp/lovemp-domain-customer/target/test-classes:/Users/wangyiwen/AICoding/lovemp/lovemp-domain-customer/target/classes:/Users/wangyiwen/apache-maven-3.9.9/repository/com/lovemp/lovemp-common/0.0.1-SNAPSHOT/lovemp-common-0.0.1-SNAPSHOT.jar:/Users/wangyiwen/apache-maven-3.9.9/repository/com/fasterxml/jackson/core/jackson-databind/2.18.3/jackson-databind-2.18.3.jar:/Users/wangyiwen/apache-maven-3.9.9/repository/com/fasterxml/jackson/core/jackson-annotations/2.18.3/jackson-annotations-2.18.3.jar:/Users/wangyiwen/apache-maven-3.9.9/repository/com/fasterxml/jackson/core/jackson-core/2.18.3/jackson-core-2.18.3.jar:/Users/wangyiwen/apache-maven-3.9.9/repository/com/fasterxml/jackson/datatype/jackson-datatype-jsr310/2.18.3/jackson-datatype-jsr310-2.18.3.jar:/Users/wangyiwen/apache-maven-3.9.9/repository/org/apache/commons/commons-lang3/3.17.0/commons-lang3-3.17.0.jar:/Users/wangyiwen/apache-maven-3.9.9/repository/commons-io/commons-io/2.15.1/commons-io-2.15.1.jar:/Users/wangyiwen/apache-maven-3.9.9/repository/com/lovemp/lovemp-domain-person/0.0.1-SNAPSHOT/lovemp-domain-person-0.0.1-SNAPSHOT.jar:/Users/wangyiwen/apache-maven-3.9.9/repository/com/lovemp/lovemp-domain-brand/0.0.1-SNAPSHOT/lovemp-domain-brand-0.0.1-SNAPSHOT.jar:/Users/wangyiwen/apache-maven-3.9.9/repository/com/lovemp/lovemp-domain-enterprise/0.0.1-SNAPSHOT/lovemp-domain-enterprise-0.0.1-SNAPSHOT.jar:/Users/wangyiwen/apache-maven-3.9.9/repository/org/springframework/boot/spring-boot-starter/3.4.5/spring-boot-starter-3.4.5.jar:/Users/wangyiwen/apache-maven-3.9.9/repository/org/springframework/boot/spring-boot/3.4.5/spring-boot-3.4.5.jar:/Users/wangyiwen/apache-maven-3.9.9/repository/org/springframework/spring-context/6.2.6/spring-context-6.2.6.jar:/Users/wangyiwen/apache-maven-3.9.9/repository/org/springframework/boot/spring-boot-autoconfigure/3.4.5/spring-boot-autoconfigure-3.4.5.jar:/Users/wangyiwen/apache-maven-3.9.9/repository/org/springframework/boot/spring-boot-starter-logging/3.4.5/spring-boot-starter-logging-3.4.5.jar:/Users/wangyiwen/apache-maven-3.9.9/repository/ch/qos/logback/logback-classic/1.5.18/logback-classic-1.5.18.jar:/Users/wangyiwen/apache-maven-3.9.9/repository/ch/qos/logback/logback-core/1.5.18/logback-core-1.5.18.jar:/Users/wangyiwen/apache-maven-3.9.9/repository/org/apache/logging/log4j/log4j-to-slf4j/2.24.3/log4j-to-slf4j-2.24.3.jar:/Users/wangyiwen/apache-maven-3.9.9/repository/org/apache/logging/log4j/log4j-api/2.24.3/log4j-api-2.24.3.jar:/Users/wangyiwen/apache-maven-3.9.9/repository/org/slf4j/jul-to-slf4j/2.0.17/jul-to-slf4j-2.0.17.jar:/Users/wangyiwen/apache-maven-3.9.9/repository/jakarta/annotation/jakarta.annotation-api/2.1.1/jakarta.annotation-api-2.1.1.jar:/Users/wangyiwen/apache-maven-3.9.9/repository/org/springframework/spring-core/6.2.6/spring-core-6.2.6.jar:/Users/wangyiwen/apache-maven-3.9.9/repository/org/springframework/spring-jcl/6.2.6/spring-jcl-6.2.6.jar:/Users/wangyiwen/apache-maven-3.9.9/repository/org/yaml/snakeyaml/2.3/snakeyaml-2.3.jar:/Users/wangyiwen/apache-maven-3.9.9/repository/org/springframework/boot/spring-boot-starter-data-jpa/3.4.5/spring-boot-starter-data-jpa-3.4.5.jar:/Users/wangyiwen/apache-maven-3.9.9/repository/org/springframework/boot/spring-boot-starter-jdbc/3.4.5/spring-boot-starter-jdbc-3.4.5.jar:/Users/wangyiwen/apache-maven-3.9.9/repository/com/zaxxer/HikariCP/5.1.0/HikariCP-5.1.0.jar:/Users/wangyiwen/apache-maven-3.9.9/repository/org/springframework/spring-jdbc/6.2.6/spring-jdbc-6.2.6.jar:/Users/wangyiwen/apache-maven-3.9.9/repository/org/hibernate/orm/hibernate-core/6.6.13.Final/hibernate-core-6.6.13.Final.jar:/Users/wangyiwen/apache-maven-3.9.9/repository/jakarta/persistence/jakarta.persistence-api/3.1.0/jakarta.persistence-api-3.1.0.jar:/Users/wangyiwen/apache-maven-3.9.9/repository/jakarta/transaction/jakarta.transaction-api/2.0.1/jakarta.transaction-api-2.0.1.jar:/Users/wangyiwen/apache-maven-3.9.9/repository/org/jboss/logging/jboss-logging/3.6.1.Final/jboss-logging-3.6.1.Final.jar:/Users/wangyiwen/apache-maven-3.9.9/repository/org/hibernate/common/hibernate-commons-annotations/7.0.3.Final/hibernate-commons-annotations-7.0.3.Final.jar:/Users/wangyiwen/apache-maven-3.9.9/repository/io/smallrye/jandex/3.2.0/jandex-3.2.0.jar:/Users/wangyiwen/apache-maven-3.9.9/repository/com/fasterxml/classmate/1.7.0/classmate-1.7.0.jar:/Users/wangyiwen/apache-maven-3.9.9/repository/net/bytebuddy/byte-buddy/1.15.11/byte-buddy-1.15.11.jar:/Users/wangyiwen/apache-maven-3.9.9/repository/org/glassfish/jaxb/jaxb-runtime/4.0.5/jaxb-runtime-4.0.5.jar:/Users/wangyiwen/apache-maven-3.9.9/repository/org/glassfish/jaxb/jaxb-core/4.0.5/jaxb-core-4.0.5.jar:/Users/wangyiwen/apache-maven-3.9.9/repository/org/eclipse/angus/angus-activation/2.0.2/angus-activation-2.0.2.jar:/Users/wangyiwen/apache-maven-3.9.9/repository/org/glassfish/jaxb/txw2/4.0.5/txw2-4.0.5.jar:/Users/wangyiwen/apache-maven-3.9.9/repository/com/sun/istack/istack-commons-runtime/4.1.2/istack-commons-runtime-4.1.2.jar:/Users/wangyiwen/apache-maven-3.9.9/repository/jakarta/inject/jakarta.inject-api/2.0.1/jakarta.inject-api-2.0.1.jar:/Users/wangyiwen/apache-maven-3.9.9/repository/org/antlr/antlr4-runtime/4.13.0/antlr4-runtime-4.13.0.jar:/Users/wangyiwen/apache-maven-3.9.9/repository/org/springframework/data/spring-data-jpa/3.4.5/spring-data-jpa-3.4.5.jar:/Users/wangyiwen/apache-maven-3.9.9/repository/org/springframework/data/spring-data-commons/3.4.5/spring-data-commons-3.4.5.jar:/Users/wangyiwen/apache-maven-3.9.9/repository/org/springframework/spring-orm/6.2.6/spring-orm-6.2.6.jar:/Users/wangyiwen/apache-maven-3.9.9/repository/org/springframework/spring-aop/6.2.6/spring-aop-6.2.6.jar:/Users/wangyiwen/apache-maven-3.9.9/repository/org/springframework/spring-tx/6.2.6/spring-tx-6.2.6.jar:/Users/wangyiwen/apache-maven-3.9.9/repository/org/springframework/spring-beans/6.2.6/spring-beans-6.2.6.jar:/Users/wangyiwen/apache-maven-3.9.9/repository/org/slf4j/slf4j-api/2.0.17/slf4j-api-2.0.17.jar:/Users/wangyiwen/apache-maven-3.9.9/repository/org/springframework/spring-aspects/6.2.6/spring-aspects-6.2.6.jar:/Users/wangyiwen/apache-maven-3.9.9/repository/org/aspectj/aspectjweaver/1.9.24/aspectjweaver-1.9.24.jar:/Users/wangyiwen/apache-maven-3.9.9/repository/org/springframework/boot/spring-boot-starter-web/3.4.5/spring-boot-starter-web-3.4.5.jar:/Users/wangyiwen/apache-maven-3.9.9/repository/org/springframework/boot/spring-boot-starter-json/3.4.5/spring-boot-starter-json-3.4.5.jar:/Users/wangyiwen/apache-maven-3.9.9/repository/com/fasterxml/jackson/datatype/jackson-datatype-jdk8/2.18.3/jackson-datatype-jdk8-2.18.3.jar:/Users/wangyiwen/apache-maven-3.9.9/repository/com/fasterxml/jackson/module/jackson-module-parameter-names/2.18.3/jackson-module-parameter-names-2.18.3.jar:/Users/wangyiwen/apache-maven-3.9.9/repository/org/springframework/boot/spring-boot-starter-tomcat/3.4.5/spring-boot-starter-tomcat-3.4.5.jar:/Users/wangyiwen/apache-maven-3.9.9/repository/org/apache/tomcat/embed/tomcat-embed-core/10.1.40/tomcat-embed-core-10.1.40.jar:/Users/wangyiwen/apache-maven-3.9.9/repository/org/apache/tomcat/embed/tomcat-embed-websocket/10.1.40/tomcat-embed-websocket-10.1.40.jar:/Users/wangyiwen/apache-maven-3.9.9/repository/org/springframework/spring-web/6.2.6/spring-web-6.2.6.jar:/Users/wangyiwen/apache-maven-3.9.9/repository/io/micrometer/micrometer-observation/1.14.6/micrometer-observation-1.14.6.jar:/Users/wangyiwen/apache-maven-3.9.9/repository/io/micrometer/micrometer-commons/1.14.6/micrometer-commons-1.14.6.jar:/Users/wangyiwen/apache-maven-3.9.9/repository/org/springframework/spring-webmvc/6.2.6/spring-webmvc-6.2.6.jar:/Users/wangyiwen/apache-maven-3.9.9/repository/org/springframework/spring-expression/6.2.6/spring-expression-6.2.6.jar:/Users/wangyiwen/apache-maven-3.9.9/repository/org/springframework/boot/spring-boot-starter-validation/3.4.5/spring-boot-starter-validation-3.4.5.jar:/Users/wangyiwen/apache-maven-3.9.9/repository/org/apache/tomcat/embed/tomcat-embed-el/10.1.40/tomcat-embed-el-10.1.40.jar:/Users/wangyiwen/apache-maven-3.9.9/repository/org/hibernate/validator/hibernate-validator/8.0.2.Final/hibernate-validator-8.0.2.Final.jar:/Users/wangyiwen/apache-maven-3.9.9/repository/jakarta/validation/jakarta.validation-api/3.0.2/jakarta.validation-api-3.0.2.jar:/Users/wangyiwen/apache-maven-3.9.9/repository/org/mapstruct/mapstruct/1.5.5.Final/mapstruct-1.5.5.Final.jar:/Users/wangyiwen/apache-maven-3.9.9/repository/org/mapstruct/mapstruct-processor/1.5.5.Final/mapstruct-processor-1.5.5.Final.jar:/Users/wangyiwen/apache-maven-3.9.9/repository/org/springdoc/springdoc-openapi-starter-webmvc-ui/2.5.0/springdoc-openapi-starter-webmvc-ui-2.5.0.jar:/Users/wangyiwen/apache-maven-3.9.9/repository/org/springdoc/springdoc-openapi-starter-webmvc-api/2.5.0/springdoc-openapi-starter-webmvc-api-2.5.0.jar:/Users/wangyiwen/apache-maven-3.9.9/repository/org/springdoc/springdoc-openapi-starter-common/2.5.0/springdoc-openapi-starter-common-2.5.0.jar:/Users/wangyiwen/apache-maven-3.9.9/repository/io/swagger/core/v3/swagger-core-jakarta/2.2.21/swagger-core-jakarta-2.2.21.jar:/Users/wangyiwen/apache-maven-3.9.9/repository/io/swagger/core/v3/swagger-annotations-jakarta/2.2.21/swagger-annotations-jakarta-2.2.21.jar:/Users/wangyiwen/apache-maven-3.9.9/repository/io/swagger/core/v3/swagger-models-jakarta/2.2.21/swagger-models-jakarta-2.2.21.jar:/Users/wangyiwen/apache-maven-3.9.9/repository/com/fasterxml/jackson/dataformat/jackson-dataformat-yaml/2.18.3/jackson-dataformat-yaml-2.18.3.jar:/Users/wangyiwen/apache-maven-3.9.9/repository/org/webjars/swagger-ui/5.13.0/swagger-ui-5.13.0.jar:/Users/wangyiwen/apache-maven-3.9.9/repository/org/springframework/boot/spring-boot-starter-test/3.4.5/spring-boot-starter-test-3.4.5.jar:/Users/wangyiwen/apache-maven-3.9.9/repository/org/springframework/boot/spring-boot-test/3.4.5/spring-boot-test-3.4.5.jar:/Users/wangyiwen/apache-maven-3.9.9/repository/org/springframework/boot/spring-boot-test-autoconfigure/3.4.5/spring-boot-test-autoconfigure-3.4.5.jar:/Users/wangyiwen/apache-maven-3.9.9/repository/com/jayway/jsonpath/json-path/2.9.0/json-path-2.9.0.jar:/Users/wangyiwen/apache-maven-3.9.9/repository/jakarta/xml/bind/jakarta.xml.bind-api/4.0.2/jakarta.xml.bind-api-4.0.2.jar:/Users/wangyiwen/apache-maven-3.9.9/repository/jakarta/activation/jakarta.activation-api/2.1.3/jakarta.activation-api-2.1.3.jar:/Users/wangyiwen/apache-maven-3.9.9/repository/net/minidev/json-smart/2.5.2/json-smart-2.5.2.jar:/Users/wangyiwen/apache-maven-3.9.9/repository/net/minidev/accessors-smart/2.5.2/accessors-smart-2.5.2.jar:/Users/wangyiwen/apache-maven-3.9.9/repository/org/ow2/asm/asm/9.7.1/asm-9.7.1.jar:/Users/wangyiwen/apache-maven-3.9.9/repository/org/assertj/assertj-core/3.26.3/assertj-core-3.26.3.jar:/Users/wangyiwen/apache-maven-3.9.9/repository/org/awaitility/awaitility/4.2.2/awaitility-4.2.2.jar:/Users/wangyiwen/apache-maven-3.9.9/repository/org/hamcrest/hamcrest/2.2/hamcrest-2.2.jar:/Users/wangyiwen/apache-maven-3.9.9/repository/org/junit/jupiter/junit-jupiter/5.10.2/junit-jupiter-5.10.2.jar:/Users/wangyiwen/apache-maven-3.9.9/repository/org/junit/jupiter/junit-jupiter-api/5.10.2/junit-jupiter-api-5.10.2.jar:/Users/wangyiwen/apache-maven-3.9.9/repository/org/opentest4j/opentest4j/1.3.0/opentest4j-1.3.0.jar:/Users/wangyiwen/apache-maven-3.9.9/repository/org/junit/platform/junit-platform-commons/1.10.2/junit-platform-commons-1.10.2.jar:/Users/wangyiwen/apache-maven-3.9.9/repository/org/apiguardian/apiguardian-api/1.1.2/apiguardian-api-1.1.2.jar:/Users/wangyiwen/apache-maven-3.9.9/repository/org/junit/jupiter/junit-jupiter-params/5.10.2/junit-jupiter-params-5.10.2.jar:/Users/wangyiwen/apache-maven-3.9.9/repository/org/junit/jupiter/junit-jupiter-engine/5.10.2/junit-jupiter-engine-5.10.2.jar:/Users/wangyiwen/apache-maven-3.9.9/repository/org/junit/platform/junit-platform-engine/1.10.2/junit-platform-engine-1.10.2.jar:/Users/wangyiwen/apache-maven-3.9.9/repository/org/mockito/mockito-core/5.14.2/mockito-core-5.14.2.jar:/Users/wangyiwen/apache-maven-3.9.9/repository/net/bytebuddy/byte-buddy-agent/1.15.11/byte-buddy-agent-1.15.11.jar:/Users/wangyiwen/apache-maven-3.9.9/repository/org/objenesis/objenesis/3.3/objenesis-3.3.jar:/Users/wangyiwen/apache-maven-3.9.9/repository/org/mockito/mockito-junit-jupiter/5.14.2/mockito-junit-jupiter-5.14.2.jar:/Users/wangyiwen/apache-maven-3.9.9/repository/org/skyscreamer/jsonassert/1.5.3/jsonassert-1.5.3.jar:/Users/wangyiwen/apache-maven-3.9.9/repository/com/vaadin/external/google/android-json/0.0.20131108.vaadin1/android-json-0.0.20131108.vaadin1.jar:/Users/wangyiwen/apache-maven-3.9.9/repository/org/springframework/spring-test/6.2.6/spring-test-6.2.6.jar:/Users/wangyiwen/apache-maven-3.9.9/repository/org/xmlunit/xmlunit-core/2.10.0/xmlunit-core-2.10.0.jar:/Users/wangyiwen/apache-maven-3.9.9/repository/org/testcontainers/junit-jupiter/1.19.6/junit-jupiter-1.19.6.jar:/Users/wangyiwen/apache-maven-3.9.9/repository/org/testcontainers/testcontainers/1.19.6/testcontainers-1.19.6.jar:/Users/wangyiwen/apache-maven-3.9.9/repository/junit/junit/4.13.2/junit-4.13.2.jar:/Users/wangyiwen/apache-maven-3.9.9/repository/org/hamcrest/hamcrest-core/2.2/hamcrest-core-2.2.jar:/Users/wangyiwen/apache-maven-3.9.9/repository/org/apache/commons/commons-compress/1.24.0/commons-compress-1.24.0.jar:/Users/wangyiwen/apache-maven-3.9.9/repository/org/rnorth/duct-tape/duct-tape/1.0.8/duct-tape-1.0.8.jar:/Users/wangyiwen/apache-maven-3.9.9/repository/org/jetbrains/annotations/17.0.0/annotations-17.0.0.jar:/Users/wangyiwen/apache-maven-3.9.9/repository/com/github/docker-java/docker-java-api/3.3.5/docker-java-api-3.3.5.jar:/Users/wangyiwen/apache-maven-3.9.9/repository/com/github/docker-java/docker-java-transport-zerodep/3.3.5/docker-java-transport-zerodep-3.3.5.jar:/Users/wangyiwen/apache-maven-3.9.9/repository/com/github/docker-java/docker-java-transport/3.3.5/docker-java-transport-3.3.5.jar:/Users/wangyiwen/apache-maven-3.9.9/repository/net/java/dev/jna/jna/5.13.0/jna-5.13.0.jar:/Users/wangyiwen/apache-maven-3.9.9/repository/org/testcontainers/mysql/1.19.6/mysql-1.19.6.jar:/Users/wangyiwen/apache-maven-3.9.9/repository/org/testcontainers/jdbc/1.19.6/jdbc-1.19.6.jar:/Users/wangyiwen/apache-maven-3.9.9/repository/org/testcontainers/database-commons/1.19.6/database-commons-1.19.6.jar:/Users/wangyiwen/apache-maven-3.9.9/repository/org/projectlombok/lombok/1.18.30/lombok-1.18.30.jar:"/>
    <property name="https.proxyPort" value="7897"/>
    <property name="java.vm.vendor" value="Oracle Corporation"/>
    <property name="sun.arch.data.model" value="64"/>
    <property name="java.vendor.url" value="https://java.oracle.com/"/>
    <property name="user.timezone" value="Asia/Shanghai"/>
    <property name="os.name" value="Mac OS X"/>
    <property name="java.vm.specification.version" value="17"/>
    <property name="sun.java.launcher" value="SUN_STANDARD"/>
    <property name="user.country" value="CN"/>
    <property name="sun.boot.library.path" value="/Library/Java/JavaVirtualMachines/jdk-17.jdk/Contents/Home/lib"/>
    <property name="sun.java.command" value="/Users/wangyiwen/AICoding/lovemp/lovemp-domain-customer/target/surefire/surefirebooter-20250603102458345_3.jar /Users/wangyiwen/AICoding/lovemp/lovemp-domain-customer/target/surefire 2025-06-03T10-24-58_312-jvmRun1 surefire-20250603102458345_1tmp surefire_0-20250603102458345_2tmp"/>
    <property name="http.nonProxyHosts" value="127.0.0.1|192.168.0.0/16|*.192.168.0.0/16|10.0.0.0/8|*.10.0.0.0/8|172.16.0.0/12|*.172.16.0.0/12|172.29.0.0/16|*.172.29.0.0/16|localhost|*.localhost|local|*.local|crashlytics.com|*.crashlytics.com|&lt;local&gt;|*.&lt;local&gt;"/>
    <property name="jdk.debug" value="release"/>
    <property name="surefire.test.class.path" value="/Users/wangyiwen/AICoding/lovemp/lovemp-domain-customer/target/test-classes:/Users/wangyiwen/AICoding/lovemp/lovemp-domain-customer/target/classes:/Users/wangyiwen/apache-maven-3.9.9/repository/com/lovemp/lovemp-common/0.0.1-SNAPSHOT/lovemp-common-0.0.1-SNAPSHOT.jar:/Users/wangyiwen/apache-maven-3.9.9/repository/com/fasterxml/jackson/core/jackson-databind/2.18.3/jackson-databind-2.18.3.jar:/Users/wangyiwen/apache-maven-3.9.9/repository/com/fasterxml/jackson/core/jackson-annotations/2.18.3/jackson-annotations-2.18.3.jar:/Users/wangyiwen/apache-maven-3.9.9/repository/com/fasterxml/jackson/core/jackson-core/2.18.3/jackson-core-2.18.3.jar:/Users/wangyiwen/apache-maven-3.9.9/repository/com/fasterxml/jackson/datatype/jackson-datatype-jsr310/2.18.3/jackson-datatype-jsr310-2.18.3.jar:/Users/wangyiwen/apache-maven-3.9.9/repository/org/apache/commons/commons-lang3/3.17.0/commons-lang3-3.17.0.jar:/Users/wangyiwen/apache-maven-3.9.9/repository/commons-io/commons-io/2.15.1/commons-io-2.15.1.jar:/Users/wangyiwen/apache-maven-3.9.9/repository/com/lovemp/lovemp-domain-person/0.0.1-SNAPSHOT/lovemp-domain-person-0.0.1-SNAPSHOT.jar:/Users/wangyiwen/apache-maven-3.9.9/repository/com/lovemp/lovemp-domain-brand/0.0.1-SNAPSHOT/lovemp-domain-brand-0.0.1-SNAPSHOT.jar:/Users/wangyiwen/apache-maven-3.9.9/repository/com/lovemp/lovemp-domain-enterprise/0.0.1-SNAPSHOT/lovemp-domain-enterprise-0.0.1-SNAPSHOT.jar:/Users/wangyiwen/apache-maven-3.9.9/repository/org/springframework/boot/spring-boot-starter/3.4.5/spring-boot-starter-3.4.5.jar:/Users/wangyiwen/apache-maven-3.9.9/repository/org/springframework/boot/spring-boot/3.4.5/spring-boot-3.4.5.jar:/Users/wangyiwen/apache-maven-3.9.9/repository/org/springframework/spring-context/6.2.6/spring-context-6.2.6.jar:/Users/wangyiwen/apache-maven-3.9.9/repository/org/springframework/boot/spring-boot-autoconfigure/3.4.5/spring-boot-autoconfigure-3.4.5.jar:/Users/wangyiwen/apache-maven-3.9.9/repository/org/springframework/boot/spring-boot-starter-logging/3.4.5/spring-boot-starter-logging-3.4.5.jar:/Users/wangyiwen/apache-maven-3.9.9/repository/ch/qos/logback/logback-classic/1.5.18/logback-classic-1.5.18.jar:/Users/wangyiwen/apache-maven-3.9.9/repository/ch/qos/logback/logback-core/1.5.18/logback-core-1.5.18.jar:/Users/wangyiwen/apache-maven-3.9.9/repository/org/apache/logging/log4j/log4j-to-slf4j/2.24.3/log4j-to-slf4j-2.24.3.jar:/Users/wangyiwen/apache-maven-3.9.9/repository/org/apache/logging/log4j/log4j-api/2.24.3/log4j-api-2.24.3.jar:/Users/wangyiwen/apache-maven-3.9.9/repository/org/slf4j/jul-to-slf4j/2.0.17/jul-to-slf4j-2.0.17.jar:/Users/wangyiwen/apache-maven-3.9.9/repository/jakarta/annotation/jakarta.annotation-api/2.1.1/jakarta.annotation-api-2.1.1.jar:/Users/wangyiwen/apache-maven-3.9.9/repository/org/springframework/spring-core/6.2.6/spring-core-6.2.6.jar:/Users/wangyiwen/apache-maven-3.9.9/repository/org/springframework/spring-jcl/6.2.6/spring-jcl-6.2.6.jar:/Users/wangyiwen/apache-maven-3.9.9/repository/org/yaml/snakeyaml/2.3/snakeyaml-2.3.jar:/Users/wangyiwen/apache-maven-3.9.9/repository/org/springframework/boot/spring-boot-starter-data-jpa/3.4.5/spring-boot-starter-data-jpa-3.4.5.jar:/Users/wangyiwen/apache-maven-3.9.9/repository/org/springframework/boot/spring-boot-starter-jdbc/3.4.5/spring-boot-starter-jdbc-3.4.5.jar:/Users/wangyiwen/apache-maven-3.9.9/repository/com/zaxxer/HikariCP/5.1.0/HikariCP-5.1.0.jar:/Users/wangyiwen/apache-maven-3.9.9/repository/org/springframework/spring-jdbc/6.2.6/spring-jdbc-6.2.6.jar:/Users/wangyiwen/apache-maven-3.9.9/repository/org/hibernate/orm/hibernate-core/6.6.13.Final/hibernate-core-6.6.13.Final.jar:/Users/wangyiwen/apache-maven-3.9.9/repository/jakarta/persistence/jakarta.persistence-api/3.1.0/jakarta.persistence-api-3.1.0.jar:/Users/wangyiwen/apache-maven-3.9.9/repository/jakarta/transaction/jakarta.transaction-api/2.0.1/jakarta.transaction-api-2.0.1.jar:/Users/wangyiwen/apache-maven-3.9.9/repository/org/jboss/logging/jboss-logging/3.6.1.Final/jboss-logging-3.6.1.Final.jar:/Users/wangyiwen/apache-maven-3.9.9/repository/org/hibernate/common/hibernate-commons-annotations/7.0.3.Final/hibernate-commons-annotations-7.0.3.Final.jar:/Users/wangyiwen/apache-maven-3.9.9/repository/io/smallrye/jandex/3.2.0/jandex-3.2.0.jar:/Users/wangyiwen/apache-maven-3.9.9/repository/com/fasterxml/classmate/1.7.0/classmate-1.7.0.jar:/Users/wangyiwen/apache-maven-3.9.9/repository/net/bytebuddy/byte-buddy/1.15.11/byte-buddy-1.15.11.jar:/Users/wangyiwen/apache-maven-3.9.9/repository/org/glassfish/jaxb/jaxb-runtime/4.0.5/jaxb-runtime-4.0.5.jar:/Users/wangyiwen/apache-maven-3.9.9/repository/org/glassfish/jaxb/jaxb-core/4.0.5/jaxb-core-4.0.5.jar:/Users/wangyiwen/apache-maven-3.9.9/repository/org/eclipse/angus/angus-activation/2.0.2/angus-activation-2.0.2.jar:/Users/wangyiwen/apache-maven-3.9.9/repository/org/glassfish/jaxb/txw2/4.0.5/txw2-4.0.5.jar:/Users/wangyiwen/apache-maven-3.9.9/repository/com/sun/istack/istack-commons-runtime/4.1.2/istack-commons-runtime-4.1.2.jar:/Users/wangyiwen/apache-maven-3.9.9/repository/jakarta/inject/jakarta.inject-api/2.0.1/jakarta.inject-api-2.0.1.jar:/Users/wangyiwen/apache-maven-3.9.9/repository/org/antlr/antlr4-runtime/4.13.0/antlr4-runtime-4.13.0.jar:/Users/wangyiwen/apache-maven-3.9.9/repository/org/springframework/data/spring-data-jpa/3.4.5/spring-data-jpa-3.4.5.jar:/Users/wangyiwen/apache-maven-3.9.9/repository/org/springframework/data/spring-data-commons/3.4.5/spring-data-commons-3.4.5.jar:/Users/wangyiwen/apache-maven-3.9.9/repository/org/springframework/spring-orm/6.2.6/spring-orm-6.2.6.jar:/Users/wangyiwen/apache-maven-3.9.9/repository/org/springframework/spring-aop/6.2.6/spring-aop-6.2.6.jar:/Users/wangyiwen/apache-maven-3.9.9/repository/org/springframework/spring-tx/6.2.6/spring-tx-6.2.6.jar:/Users/wangyiwen/apache-maven-3.9.9/repository/org/springframework/spring-beans/6.2.6/spring-beans-6.2.6.jar:/Users/wangyiwen/apache-maven-3.9.9/repository/org/slf4j/slf4j-api/2.0.17/slf4j-api-2.0.17.jar:/Users/wangyiwen/apache-maven-3.9.9/repository/org/springframework/spring-aspects/6.2.6/spring-aspects-6.2.6.jar:/Users/wangyiwen/apache-maven-3.9.9/repository/org/aspectj/aspectjweaver/1.9.24/aspectjweaver-1.9.24.jar:/Users/wangyiwen/apache-maven-3.9.9/repository/org/springframework/boot/spring-boot-starter-web/3.4.5/spring-boot-starter-web-3.4.5.jar:/Users/wangyiwen/apache-maven-3.9.9/repository/org/springframework/boot/spring-boot-starter-json/3.4.5/spring-boot-starter-json-3.4.5.jar:/Users/wangyiwen/apache-maven-3.9.9/repository/com/fasterxml/jackson/datatype/jackson-datatype-jdk8/2.18.3/jackson-datatype-jdk8-2.18.3.jar:/Users/wangyiwen/apache-maven-3.9.9/repository/com/fasterxml/jackson/module/jackson-module-parameter-names/2.18.3/jackson-module-parameter-names-2.18.3.jar:/Users/wangyiwen/apache-maven-3.9.9/repository/org/springframework/boot/spring-boot-starter-tomcat/3.4.5/spring-boot-starter-tomcat-3.4.5.jar:/Users/wangyiwen/apache-maven-3.9.9/repository/org/apache/tomcat/embed/tomcat-embed-core/10.1.40/tomcat-embed-core-10.1.40.jar:/Users/wangyiwen/apache-maven-3.9.9/repository/org/apache/tomcat/embed/tomcat-embed-websocket/10.1.40/tomcat-embed-websocket-10.1.40.jar:/Users/wangyiwen/apache-maven-3.9.9/repository/org/springframework/spring-web/6.2.6/spring-web-6.2.6.jar:/Users/wangyiwen/apache-maven-3.9.9/repository/io/micrometer/micrometer-observation/1.14.6/micrometer-observation-1.14.6.jar:/Users/wangyiwen/apache-maven-3.9.9/repository/io/micrometer/micrometer-commons/1.14.6/micrometer-commons-1.14.6.jar:/Users/wangyiwen/apache-maven-3.9.9/repository/org/springframework/spring-webmvc/6.2.6/spring-webmvc-6.2.6.jar:/Users/wangyiwen/apache-maven-3.9.9/repository/org/springframework/spring-expression/6.2.6/spring-expression-6.2.6.jar:/Users/wangyiwen/apache-maven-3.9.9/repository/org/springframework/boot/spring-boot-starter-validation/3.4.5/spring-boot-starter-validation-3.4.5.jar:/Users/wangyiwen/apache-maven-3.9.9/repository/org/apache/tomcat/embed/tomcat-embed-el/10.1.40/tomcat-embed-el-10.1.40.jar:/Users/wangyiwen/apache-maven-3.9.9/repository/org/hibernate/validator/hibernate-validator/8.0.2.Final/hibernate-validator-8.0.2.Final.jar:/Users/wangyiwen/apache-maven-3.9.9/repository/jakarta/validation/jakarta.validation-api/3.0.2/jakarta.validation-api-3.0.2.jar:/Users/wangyiwen/apache-maven-3.9.9/repository/org/mapstruct/mapstruct/1.5.5.Final/mapstruct-1.5.5.Final.jar:/Users/wangyiwen/apache-maven-3.9.9/repository/org/mapstruct/mapstruct-processor/1.5.5.Final/mapstruct-processor-1.5.5.Final.jar:/Users/wangyiwen/apache-maven-3.9.9/repository/org/springdoc/springdoc-openapi-starter-webmvc-ui/2.5.0/springdoc-openapi-starter-webmvc-ui-2.5.0.jar:/Users/wangyiwen/apache-maven-3.9.9/repository/org/springdoc/springdoc-openapi-starter-webmvc-api/2.5.0/springdoc-openapi-starter-webmvc-api-2.5.0.jar:/Users/wangyiwen/apache-maven-3.9.9/repository/org/springdoc/springdoc-openapi-starter-common/2.5.0/springdoc-openapi-starter-common-2.5.0.jar:/Users/wangyiwen/apache-maven-3.9.9/repository/io/swagger/core/v3/swagger-core-jakarta/2.2.21/swagger-core-jakarta-2.2.21.jar:/Users/wangyiwen/apache-maven-3.9.9/repository/io/swagger/core/v3/swagger-annotations-jakarta/2.2.21/swagger-annotations-jakarta-2.2.21.jar:/Users/wangyiwen/apache-maven-3.9.9/repository/io/swagger/core/v3/swagger-models-jakarta/2.2.21/swagger-models-jakarta-2.2.21.jar:/Users/wangyiwen/apache-maven-3.9.9/repository/com/fasterxml/jackson/dataformat/jackson-dataformat-yaml/2.18.3/jackson-dataformat-yaml-2.18.3.jar:/Users/wangyiwen/apache-maven-3.9.9/repository/org/webjars/swagger-ui/5.13.0/swagger-ui-5.13.0.jar:/Users/wangyiwen/apache-maven-3.9.9/repository/org/springframework/boot/spring-boot-starter-test/3.4.5/spring-boot-starter-test-3.4.5.jar:/Users/wangyiwen/apache-maven-3.9.9/repository/org/springframework/boot/spring-boot-test/3.4.5/spring-boot-test-3.4.5.jar:/Users/wangyiwen/apache-maven-3.9.9/repository/org/springframework/boot/spring-boot-test-autoconfigure/3.4.5/spring-boot-test-autoconfigure-3.4.5.jar:/Users/wangyiwen/apache-maven-3.9.9/repository/com/jayway/jsonpath/json-path/2.9.0/json-path-2.9.0.jar:/Users/wangyiwen/apache-maven-3.9.9/repository/jakarta/xml/bind/jakarta.xml.bind-api/4.0.2/jakarta.xml.bind-api-4.0.2.jar:/Users/wangyiwen/apache-maven-3.9.9/repository/jakarta/activation/jakarta.activation-api/2.1.3/jakarta.activation-api-2.1.3.jar:/Users/wangyiwen/apache-maven-3.9.9/repository/net/minidev/json-smart/2.5.2/json-smart-2.5.2.jar:/Users/wangyiwen/apache-maven-3.9.9/repository/net/minidev/accessors-smart/2.5.2/accessors-smart-2.5.2.jar:/Users/wangyiwen/apache-maven-3.9.9/repository/org/ow2/asm/asm/9.7.1/asm-9.7.1.jar:/Users/wangyiwen/apache-maven-3.9.9/repository/org/assertj/assertj-core/3.26.3/assertj-core-3.26.3.jar:/Users/wangyiwen/apache-maven-3.9.9/repository/org/awaitility/awaitility/4.2.2/awaitility-4.2.2.jar:/Users/wangyiwen/apache-maven-3.9.9/repository/org/hamcrest/hamcrest/2.2/hamcrest-2.2.jar:/Users/wangyiwen/apache-maven-3.9.9/repository/org/junit/jupiter/junit-jupiter/5.10.2/junit-jupiter-5.10.2.jar:/Users/wangyiwen/apache-maven-3.9.9/repository/org/junit/jupiter/junit-jupiter-api/5.10.2/junit-jupiter-api-5.10.2.jar:/Users/wangyiwen/apache-maven-3.9.9/repository/org/opentest4j/opentest4j/1.3.0/opentest4j-1.3.0.jar:/Users/wangyiwen/apache-maven-3.9.9/repository/org/junit/platform/junit-platform-commons/1.10.2/junit-platform-commons-1.10.2.jar:/Users/wangyiwen/apache-maven-3.9.9/repository/org/apiguardian/apiguardian-api/1.1.2/apiguardian-api-1.1.2.jar:/Users/wangyiwen/apache-maven-3.9.9/repository/org/junit/jupiter/junit-jupiter-params/5.10.2/junit-jupiter-params-5.10.2.jar:/Users/wangyiwen/apache-maven-3.9.9/repository/org/junit/jupiter/junit-jupiter-engine/5.10.2/junit-jupiter-engine-5.10.2.jar:/Users/wangyiwen/apache-maven-3.9.9/repository/org/junit/platform/junit-platform-engine/1.10.2/junit-platform-engine-1.10.2.jar:/Users/wangyiwen/apache-maven-3.9.9/repository/org/mockito/mockito-core/5.14.2/mockito-core-5.14.2.jar:/Users/wangyiwen/apache-maven-3.9.9/repository/net/bytebuddy/byte-buddy-agent/1.15.11/byte-buddy-agent-1.15.11.jar:/Users/wangyiwen/apache-maven-3.9.9/repository/org/objenesis/objenesis/3.3/objenesis-3.3.jar:/Users/wangyiwen/apache-maven-3.9.9/repository/org/mockito/mockito-junit-jupiter/5.14.2/mockito-junit-jupiter-5.14.2.jar:/Users/wangyiwen/apache-maven-3.9.9/repository/org/skyscreamer/jsonassert/1.5.3/jsonassert-1.5.3.jar:/Users/wangyiwen/apache-maven-3.9.9/repository/com/vaadin/external/google/android-json/0.0.20131108.vaadin1/android-json-0.0.20131108.vaadin1.jar:/Users/wangyiwen/apache-maven-3.9.9/repository/org/springframework/spring-test/6.2.6/spring-test-6.2.6.jar:/Users/wangyiwen/apache-maven-3.9.9/repository/org/xmlunit/xmlunit-core/2.10.0/xmlunit-core-2.10.0.jar:/Users/wangyiwen/apache-maven-3.9.9/repository/org/testcontainers/junit-jupiter/1.19.6/junit-jupiter-1.19.6.jar:/Users/wangyiwen/apache-maven-3.9.9/repository/org/testcontainers/testcontainers/1.19.6/testcontainers-1.19.6.jar:/Users/wangyiwen/apache-maven-3.9.9/repository/junit/junit/4.13.2/junit-4.13.2.jar:/Users/wangyiwen/apache-maven-3.9.9/repository/org/hamcrest/hamcrest-core/2.2/hamcrest-core-2.2.jar:/Users/wangyiwen/apache-maven-3.9.9/repository/org/apache/commons/commons-compress/1.24.0/commons-compress-1.24.0.jar:/Users/wangyiwen/apache-maven-3.9.9/repository/org/rnorth/duct-tape/duct-tape/1.0.8/duct-tape-1.0.8.jar:/Users/wangyiwen/apache-maven-3.9.9/repository/org/jetbrains/annotations/17.0.0/annotations-17.0.0.jar:/Users/wangyiwen/apache-maven-3.9.9/repository/com/github/docker-java/docker-java-api/3.3.5/docker-java-api-3.3.5.jar:/Users/wangyiwen/apache-maven-3.9.9/repository/com/github/docker-java/docker-java-transport-zerodep/3.3.5/docker-java-transport-zerodep-3.3.5.jar:/Users/wangyiwen/apache-maven-3.9.9/repository/com/github/docker-java/docker-java-transport/3.3.5/docker-java-transport-3.3.5.jar:/Users/wangyiwen/apache-maven-3.9.9/repository/net/java/dev/jna/jna/5.13.0/jna-5.13.0.jar:/Users/wangyiwen/apache-maven-3.9.9/repository/org/testcontainers/mysql/1.19.6/mysql-1.19.6.jar:/Users/wangyiwen/apache-maven-3.9.9/repository/org/testcontainers/jdbc/1.19.6/jdbc-1.19.6.jar:/Users/wangyiwen/apache-maven-3.9.9/repository/org/testcontainers/database-commons/1.19.6/database-commons-1.19.6.jar:/Users/wangyiwen/apache-maven-3.9.9/repository/org/projectlombok/lombok/1.18.30/lombok-1.18.30.jar:"/>
    <property name="sun.cpu.endian" value="little"/>
    <property name="user.home" value="/Users/wangyiwen"/>
    <property name="user.language" value="zh"/>
    <property name="java.specification.vendor" value="Oracle Corporation"/>
    <property name="java.version.date" value="2025-04-15"/>
    <property name="java.home" value="/Library/Java/JavaVirtualMachines/jdk-17.jdk/Contents/Home"/>
    <property name="file.separator" value="/"/>
    <property name="https.proxyHost" value="127.0.0.1"/>
    <property name="basedir" value="/Users/wangyiwen/AICoding/lovemp/lovemp-domain-customer"/>
    <property name="java.vm.compressedOopsMode" value="Zero based"/>
    <property name="line.separator" value="&#10;"/>
    <property name="java.vm.specification.vendor" value="Oracle Corporation"/>
    <property name="java.specification.name" value="Java Platform API Specification"/>
    <property name="surefire.real.class.path" value="/Users/wangyiwen/AICoding/lovemp/lovemp-domain-customer/target/surefire/surefirebooter-20250603102458345_3.jar"/>
    <property name="user.script" value="Hans"/>
    <property name="sun.management.compiler" value="HotSpot 64-Bit Tiered Compilers"/>
    <property name="ftp.nonProxyHosts" value="127.0.0.1|192.168.0.0/16|*.192.168.0.0/16|10.0.0.0/8|*.10.0.0.0/8|172.16.0.0/12|*.172.16.0.0/12|172.29.0.0/16|*.172.29.0.0/16|localhost|*.localhost|local|*.local|crashlytics.com|*.crashlytics.com|&lt;local&gt;|*.&lt;local&gt;"/>
    <property name="java.runtime.version" value="17.0.15+9-LTS-241"/>
    <property name="user.name" value="wangyiwen"/>
    <property name="path.separator" value=":"/>
    <property name="os.version" value="15.5"/>
    <property name="java.runtime.name" value="Java(TM) SE Runtime Environment"/>
    <property name="file.encoding" value="UTF-8"/>
    <property name="java.vm.name" value="Java HotSpot(TM) 64-Bit Server VM"/>
    <property name="localRepository" value="/Users/wangyiwen/apache-maven-3.9.9/repository"/>
    <property name="java.vendor.url.bug" value="https://bugreport.java.com/bugreport/"/>
    <property name="java.io.tmpdir" value="/var/folders/lg/kwk_nbpn1_959tv2xm3w5fzm0000gn/T/"/>
    <property name="java.version" value="17.0.15"/>
    <property name="user.dir" value="/Users/wangyiwen/AICoding/lovemp/lovemp-domain-customer"/>
    <property name="os.arch" value="aarch64"/>
    <property name="socksProxyPort" value="7897"/>
    <property name="java.vm.specification.name" value="Java Virtual Machine Specification"/>
    <property name="native.encoding" value="UTF-8"/>
    <property name="java.library.path" value="/Users/wangyiwen/Library/Java/Extensions:/Library/Java/Extensions:/Network/Library/Java/Extensions:/System/Library/Java/Extensions:/usr/lib/java:."/>
    <property name="java.vm.info" value="mixed mode, sharing"/>
    <property name="java.vendor" value="Oracle Corporation"/>
    <property name="java.vm.version" value="17.0.15+9-LTS-241"/>
    <property name="java.specification.maintenance.version" value="1"/>
    <property name="sun.io.unicode.encoding" value="UnicodeBig"/>
    <property name="socksNonProxyHosts" value="127.0.0.1|192.168.0.0/16|*.192.168.0.0/16|10.0.0.0/8|*.10.0.0.0/8|172.16.0.0/12|*.172.16.0.0/12|172.29.0.0/16|*.172.29.0.0/16|localhost|*.localhost|local|*.local|crashlytics.com|*.crashlytics.com|&lt;local&gt;|*.&lt;local&gt;"/>
    <property name="java.class.version" value="61.0"/>
    <property name="http.proxyPort" value="7897"/>
  </properties>
  <testcase name="should_check_sharing_type" classname="com.lovemp.domain.customer.domain.model.entity.CustomerSharingTest" time="0.005"/>
  <testcase name="should_check_if_in_valid_period_correctly" classname="com.lovemp.domain.customer.domain.model.entity.CustomerSharingTest" time="0.0"/>
  <testcase name="should_update_auth_level" classname="com.lovemp.domain.customer.domain.model.entity.CustomerSharingTest" time="0.001"/>
  <testcase name="should_throw_exception_when_deactivating_with_empty_reason" classname="com.lovemp.domain.customer.domain.model.entity.CustomerSharingTest" time="0.0"/>
  <testcase name="should_create_customer_sharing" classname="com.lovemp.domain.customer.domain.model.entity.CustomerSharingTest" time="0.001"/>
  <testcase name="should_deactivate_sharing" classname="com.lovemp.domain.customer.domain.model.entity.CustomerSharingTest" time="0.0"/>
  <testcase name="should_throw_exception_when_extending_with_earlier_date" classname="com.lovemp.domain.customer.domain.model.entity.CustomerSharingTest" time="0.001"/>
  <testcase name="should_check_if_can_access_correctly" classname="com.lovemp.domain.customer.domain.model.entity.CustomerSharingTest" time="0.0"/>
  <testcase name="should_throw_exception_when_activating_out_of_valid_period" classname="com.lovemp.domain.customer.domain.model.entity.CustomerSharingTest" time="0.0"/>
  <testcase name="should_throw_exception_when_end_date_before_start_date" classname="com.lovemp.domain.customer.domain.model.entity.CustomerSharingTest" time="0.0"/>
  <testcase name="should_create_permanent_sharing" classname="com.lovemp.domain.customer.domain.model.entity.CustomerSharingTest" time="0.0"/>
  <testcase name="should_throw_exception_when_source_and_target_brand_are_same" classname="com.lovemp.domain.customer.domain.model.entity.CustomerSharingTest" time="0.0"/>
  <testcase name="should_do_nothing_when_activating_already_active_sharing" classname="com.lovemp.domain.customer.domain.model.entity.CustomerSharingTest" time="0.0"/>
  <testcase name="should_check_if_expiring_soon" classname="com.lovemp.domain.customer.domain.model.entity.CustomerSharingTest" time="0.0"/>
  <testcase name="should_throw_exception_when_updating_auth_level_for_inactive_sharing" classname="com.lovemp.domain.customer.domain.model.entity.CustomerSharingTest" time="0.001"/>
  <testcase name="should_not_access_when_out_of_valid_period" classname="com.lovemp.domain.customer.domain.model.entity.CustomerSharingTest" time="0.0"/>
  <testcase name="should_extend_valid_period" classname="com.lovemp.domain.customer.domain.model.entity.CustomerSharingTest" time="0.001"/>
  <testcase name="should_throw_exception_when_extending_with_date_before_start" classname="com.lovemp.domain.customer.domain.model.entity.CustomerSharingTest" time="0.0"/>
  <testcase name="should_activate_sharing" classname="com.lovemp.domain.customer.domain.model.entity.CustomerSharingTest" time="0.0"/>
  <testcase name="should_throw_exception_when_creating_with_null_parameters" classname="com.lovemp.domain.customer.domain.model.entity.CustomerSharingTest" time="0.0"/>
  <testcase name="should_not_access_when_not_active" classname="com.lovemp.domain.customer.domain.model.entity.CustomerSharingTest" time="0.0"/>
</testsuite>